<?xml version="1.0" encoding="UTF-8"?>
<!-- Generated by org.testng.reporters.JUnitReportReporter -->
<testsuite hostname="Daniels-MBP.lan1" failures="0" tests="2" name="danielPorject.RESTAPITest" time="0.012" errors="0" timestamp="2020-01-08T14:55:13 EST" skipped="0">
  <testcase classname="danielPorject.RESTAPITest" name="postJira" time="0.002"/>
  <testcase classname="danielPorject.RESTAPITest" name="deleteTwitter" time="0.010"/>
</testsuite> <!-- danielPorject.RESTAPITest -->
