<?xml version="1.0" encoding="UTF-8"?>
<!-- Generated by org.testng.reporters.JUnitReportReporter -->
<testsuite hostname="Daniels-MBP.lan1" failures="0" tests="2" name="danielPorject.AppiumTest" time="0.008" errors="0" timestamp="2020-01-08T14:55:13 EST" skipped="0">
  <testcase classname="danielPorject.AppiumTest" name="NativeAppAndroid" time="0.004"/>
  <testcase classname="danielPorject.AppiumTest" name="IOSApps" time="0.004"/>
</testsuite> <!-- danielPorject.AppiumTest -->
