<?xml version="1.0" encoding="UTF-8"?>
<!-- Generated by org.testng.reporters.JUnitReportReporter -->
<testsuite hostname="Daniels-MBP.lan1" failures="0" tests="2" name="danielPorject.SeleniumTest" time="0.002" errors="0" timestamp="2020-01-08T14:55:13 EST" skipped="0">
  <testcase classname="danielPorject.SeleniumTest" name="elementsui" time="0.001"/>
  <testcase classname="danielPorject.SeleniumTest" name="BrowserAutomation" time="0.001"/>
</testsuite> <!-- danielPorject.SeleniumTest -->
