<?xml version="1.0" encoding="UTF-8"?>
<!-- Generated by org.testng.reporters.JUnitReportReporter -->
<testsuite hostname="Daniels-MBP.lan1" failures="0" tests="2" name="danielPorject.RESTAPITest" time="0.006" errors="0" timestamp="08 Jan 2020 20:48:10 GMT" skipped="0">
  <testcase classname="danielPorject.RESTAPITest" name="postJira" time="0.001"/>
  <testcase classname="danielPorject.RESTAPITest" name="deleteTwitter" time="0.005"/>
</testsuite> <!-- danielPorject.RESTAPITest -->
