<?xml version="1.0" encoding="UTF-8"?>
<!-- Generated by org.testng.reporters.JUnitReportReporter -->
<testsuite hostname="Daniels-MBP.lan1" failures="0" tests="2" name="danielPorject.AppiumTest" time="0.001" errors="0" timestamp="08 Jan 2020 20:48:02 GMT" skipped="0">
  <testcase classname="danielPorject.AppiumTest" name="IOSApps" time="0.000"/>
  <testcase classname="danielPorject.AppiumTest" name="NativeAppAndroid" time="0.001"/>
</testsuite> <!-- danielPorject.AppiumTest -->
