<?xml version="1.0" encoding="UTF-8"?>
<!-- Generated by org.testng.reporters.JUnitReportReporter -->
<testsuite hostname="Daniels-MBP.lan1" failures="0" tests="2" name="danielPorject.SeleniumTest" time="0.000" errors="0" timestamp="08 Jan 2020 20:48:10 GMT" skipped="0">
  <testcase classname="danielPorject.SeleniumTest" name="elementsui" time="0.000"/>
  <testcase classname="danielPorject.SeleniumTest" name="BrowserAutomation" time="0.000"/>
</testsuite> <!-- danielPorject.SeleniumTest -->
